<?xml version="1.0" encoding="UTF-8" ?>
<testsuite tests="2" failures="0" name="me.ilvc.wenda.dao.UserDaoTest" time="0.03" errors="1" skipped="0">
  <properties>
[...]
</properties>
  <testcase classname="me.ilvc.wenda.dao.UserDaoTest" name="testGetById" time="0.004">
    <error message="Invalid bound statement (not found): me.ilvc.wenda.dao.UserDao.selectByPrimaryKey" type="org.apache.ibatis.binding.BindingException">org.apache.ibatis.binding.BindingException: Invalid bound statement (not found): me.ilvc.wenda.dao.UserDao.selectByPrimaryKey
	at org.apache.ibatis.binding.MapperMethod$SqlCommand.&lt;init&gt;(MapperMethod.java:196)
	at org.apache.ibatis.binding.MapperMethod.&lt;init&gt;(MapperMethod.java:44)
	at org.apache.ibatis.binding.MapperProxy.cachedMapperMethod(MapperProxy.java:59)
	at org.apache.ibatis.binding.MapperProxy.invoke(MapperProxy.java:52)
	at com.sun.proxy.$Proxy20.selectByPrimaryKey(Unknown Source)
	at me.ilvc.wenda.dao.UserDaoTest.testGetById(UserDaoTest.java:23)
	at sun.reflect.NativeMethodAccessorImpl.invoke0(Native Method)
	at sun.reflect.NativeMethodAccessorImpl.invoke(NativeMethodAccessorImpl.java:62)
	at sun.reflect.DelegatingMethodAccessorImpl.invoke(DelegatingMethodAccessorImpl.java:43)
	at java.lang.reflect.Method.invoke(Method.java:498)
	at org.junit.runners.model.FrameworkMethod$1.runReflectiveCall(FrameworkMethod.java:47)
	at org.junit.internal.runners.model.ReflectiveCallable.run(ReflectiveCallable.java:12)
	at org.junit.runners.model.FrameworkMethod.invokeExplosively(FrameworkMethod.java:44)
	at org.junit.internal.runners.statements.InvokeMethod.evaluate(InvokeMethod.java:17)
	at org.springframework.test.context.junit4.statements.RunBeforeTestMethodCallbacks.evaluate(RunBeforeTestMethodCallbacks.java:73)
	at org.springframework.test.context.junit4.statements.RunAfterTestMethodCallbacks.evaluate(RunAfterTestMethodCallbacks.java:82)
	at org.springframework.test.context.junit4.statements.SpringRepeat.evaluate(SpringRepeat.java:73)
	at org.junit.runners.ParentRunner.runLeaf(ParentRunner.java:271)
	at org.springframework.test.context.junit4.SpringJUnit4ClassRunner.runChild(SpringJUnit4ClassRunner.java:224)
	at org.springframework.test.context.junit4.SpringJUnit4ClassRunner.runChild(SpringJUnit4ClassRunner.java:83)
	at org.junit.runners.ParentRunner$3.run(ParentRunner.java:238)
	at org.junit.runners.ParentRunner$1.schedule(ParentRunner.java:63)
	at org.junit.runners.ParentRunner.runChildren(ParentRunner.java:236)
	at org.junit.runners.ParentRunner.access$000(ParentRunner.java:53)
	at org.junit.runners.ParentRunner$2.evaluate(ParentRunner.java:229)
	at org.springframework.test.context.junit4.statements.RunBeforeTestClassCallbacks.evaluate(RunBeforeTestClassCallbacks.java:61)
	at org.springframework.test.context.junit4.statements.RunAfterTestClassCallbacks.evaluate(RunAfterTestClassCallbacks.java:68)
	at org.junit.runners.ParentRunner.run(ParentRunner.java:309)
	at org.springframework.test.context.junit4.SpringJUnit4ClassRunner.run(SpringJUnit4ClassRunner.java:163)
	at org.apache.maven.surefire.junit4.JUnit4Provider.execute(JUnit4Provider.java:252)
	at org.apache.maven.surefire.junit4.JUnit4Provider.executeTestSet(JUnit4Provider.java:141)
	at org.apache.maven.surefire.junit4.JUnit4Provider.invoke(JUnit4Provider.java:112)
	at sun.reflect.NativeMethodAccessorImpl.invoke0(Native Method)
	at sun.reflect.NativeMethodAccessorImpl.invoke(NativeMethodAccessorImpl.java:62)
	at sun.reflect.DelegatingMethodAccessorImpl.invoke(DelegatingMethodAccessorImpl.java:43)
	at java.lang.reflect.Method.invoke(Method.java:498)
	at org.apache.maven.surefire.util.ReflectionUtils.invokeMethodWithArray(ReflectionUtils.java:189)
	at org.apache.maven.surefire.booter.ProviderFactory$ProviderProxy.invoke(ProviderFactory.java:165)
	at org.apache.maven.surefire.booter.ProviderFactory.invokeProvider(ProviderFactory.java:85)
	at org.apache.maven.surefire.booter.ForkedBooter.runSuitesInProcess(ForkedBooter.java:115)
	at org.apache.maven.surefire.booter.ForkedBooter.main(ForkedBooter.java:75)
</error>
    <system-out>[DEBUG] 2017-06-08 21:55:39,312 method:org.springframework.test.context.support.DirtiesContextTestExecutionListener.afterTestClass(DirtiesContextTestExecutionListener.java:118)
After test class: context [DefaultTestContext@35e2d654 testClass = QuestionDaoTest, testInstance = [null], testMethod = [null], testException = [null], mergedContextConfiguration = [MergedContextConfiguration@55183b20 testClass = QuestionDaoTest, locations = &apos;{classpath:spring-context.xml, classpath:spring-mvc.xml}&apos;, classes = &apos;{}&apos;, contextInitializerClasses = &apos;[]&apos;, activeProfiles = &apos;{}&apos;, propertySourceLocations = &apos;{}&apos;, propertySourceProperties = &apos;{}&apos;, contextLoader = &apos;org.springframework.test.context.support.DelegatingSmartContextLoader&apos;, parent = [null]]], dirtiesContext [false].
[DEBUG] 2017-06-08 21:55:39,312 method:org.springframework.test.context.junit4.SpringJUnit4ClassRunner.&lt;init&gt;(SpringJUnit4ClassRunner.java:113)
SpringJUnit4ClassRunner constructor called with [class me.ilvc.wenda.dao.UserDaoTest].
[DEBUG] 2017-06-08 21:55:39,313 method:org.springframework.test.context.BootstrapUtils.resolveTestContextBootstrapper(BootstrapUtils.java:78)
Instantiating TestContextBootstrapper from class [org.springframework.test.context.support.DefaultTestContextBootstrapper]
[DEBUG] 2017-06-08 21:55:39,314 method:org.springframework.test.context.support.AbstractDelegatingSmartContextLoader.delegateProcessing(AbstractDelegatingSmartContextLoader.java:97)
Delegating to GenericXmlContextLoader to process context configuration [ContextConfigurationAttributes@3ae66c85 declaringClass = &apos;me.ilvc.wenda.dao.UserDaoTest&apos;, classes = &apos;{}&apos;, locations = &apos;{classpath:spring-context.xml, classpath:spring-mvc.xml}&apos;, inheritLocations = true, initializers = &apos;{}&apos;, inheritInitializers = true, name = [null], contextLoaderClass = &apos;org.springframework.test.context.ContextLoader&apos;].
[DEBUG] 2017-06-08 21:55:39,314 method:org.springframework.test.context.support.ActiveProfilesUtils.resolveActiveProfiles(ActiveProfilesUtils.java:83)
Could not find an &apos;annotation declaring class&apos; for annotation type [org.springframework.test.context.ActiveProfiles] and class [me.ilvc.wenda.dao.UserDaoTest]
[DEBUG] 2017-06-08 21:55:39,314 method:org.springframework.test.context.support.AbstractTestContextBootstrapper.getTestExecutionListeners(AbstractTestContextBootstrapper.java:113)
@TestExecutionListeners is not present for class [me.ilvc.wenda.dao.UserDaoTest]: using defaults.
[INFO ] 2017-06-08 21:55:39,316 method:org.springframework.test.context.support.AbstractTestContextBootstrapper.getDefaultTestExecutionListenerClassNames(AbstractTestContextBootstrapper.java:256)
Loaded default TestExecutionListener class names from location [META-INF/spring.factories]: [org.springframework.test.context.web.ServletTestExecutionListener, org.springframework.test.context.support.DependencyInjectionTestExecutionListener, org.springframework.test.context.support.DirtiesContextTestExecutionListener, org.springframework.test.context.transaction.TransactionalTestExecutionListener, org.springframework.test.context.jdbc.SqlScriptsTestExecutionListener]
[INFO ] 2017-06-08 21:55:39,316 method:org.springframework.test.context.support.AbstractTestContextBootstrapper.getTestExecutionListeners(AbstractTestContextBootstrapper.java:182)
Using TestExecutionListeners: [org.springframework.test.context.web.ServletTestExecutionListener@367795c7, org.springframework.test.context.support.DependencyInjectionTestExecutionListener@d2387c8, org.springframework.test.context.support.DirtiesContextTestExecutionListener@3956b302, org.springframework.test.context.transaction.TransactionalTestExecutionListener@1500e009, org.springframework.test.context.jdbc.SqlScriptsTestExecutionListener@1fd386c3]
[DEBUG] 2017-06-08 21:55:39,317 method:org.springframework.test.annotation.ProfileValueUtils.retrieveProfileValueSource(ProfileValueUtils.java:71)
Retrieved @ProfileValueSourceConfiguration [null] for test class [me.ilvc.wenda.dao.UserDaoTest]
[DEBUG] 2017-06-08 21:55:39,317 method:org.springframework.test.annotation.ProfileValueUtils.retrieveProfileValueSource(ProfileValueUtils.java:83)
Retrieved ProfileValueSource type [class org.springframework.test.annotation.SystemProfileValueSource] for class [me.ilvc.wenda.dao.UserDaoTest]
[DEBUG] 2017-06-08 21:55:39,317 method:org.springframework.test.annotation.ProfileValueUtils.retrieveProfileValueSource(ProfileValueUtils.java:71)
Retrieved @ProfileValueSourceConfiguration [null] for test class [me.ilvc.wenda.dao.UserDaoTest]
[DEBUG] 2017-06-08 21:55:39,317 method:org.springframework.test.annotation.ProfileValueUtils.retrieveProfileValueSource(ProfileValueUtils.java:83)
Retrieved ProfileValueSource type [class org.springframework.test.annotation.SystemProfileValueSource] for class [me.ilvc.wenda.dao.UserDaoTest]
[DEBUG] 2017-06-08 21:55:39,317 method:org.springframework.test.annotation.ProfileValueUtils.retrieveProfileValueSource(ProfileValueUtils.java:71)
Retrieved @ProfileValueSourceConfiguration [null] for test class [me.ilvc.wenda.dao.UserDaoTest]
[DEBUG] 2017-06-08 21:55:39,318 method:org.springframework.test.annotation.ProfileValueUtils.retrieveProfileValueSource(ProfileValueUtils.java:83)
Retrieved ProfileValueSource type [class org.springframework.test.annotation.SystemProfileValueSource] for class [me.ilvc.wenda.dao.UserDaoTest]
[DEBUG] 2017-06-08 21:55:39,318 method:org.springframework.test.context.support.DependencyInjectionTestExecutionListener.prepareTestInstance(DependencyInjectionTestExecutionListener.java:81)
Performing dependency injection for test context [[DefaultTestContext@edf4f36 testClass = UserDaoTest, testInstance = me.ilvc.wenda.dao.UserDaoTest@29d334c, testMethod = [null], testException = [null], mergedContextConfiguration = [MergedContextConfiguration@100f9bbe testClass = UserDaoTest, locations = &apos;{classpath:spring-context.xml, classpath:spring-mvc.xml}&apos;, classes = &apos;{}&apos;, contextInitializerClasses = &apos;[]&apos;, activeProfiles = &apos;{}&apos;, propertySourceLocations = &apos;{}&apos;, propertySourceProperties = &apos;{}&apos;, contextLoader = &apos;org.springframework.test.context.support.DelegatingSmartContextLoader&apos;, parent = [null]]]].
[DEBUG] 2017-06-08 21:55:39,319 method:org.springframework.test.context.DefaultCacheAwareContextLoaderDelegate.loadContext(DefaultCacheAwareContextLoaderDelegate.java:99)
Retrieved ApplicationContext from cache with key [[MergedContextConfiguration@100f9bbe testClass = UserDaoTest, locations = &apos;{classpath:spring-context.xml, classpath:spring-mvc.xml}&apos;, classes = &apos;{}&apos;, contextInitializerClasses = &apos;[]&apos;, activeProfiles = &apos;{}&apos;, propertySourceLocations = &apos;{}&apos;, propertySourceProperties = &apos;{}&apos;, contextLoader = &apos;org.springframework.test.context.support.DelegatingSmartContextLoader&apos;, parent = [null]]]
[DEBUG] 2017-06-08 21:55:39,319 method:org.springframework.test.context.DefaultCacheAwareContextLoaderDelegate.loadContext(DefaultCacheAwareContextLoaderDelegate.java:105)
Spring test ApplicationContext cache statistics: [ContextCache@2cd2c8fe size = 1, hitCount = 6, missCount = 1, parentContextCount = 0]
[DEBUG] 2017-06-08 21:55:39,321 method:org.springframework.beans.factory.annotation.InjectionMetadata.inject(InjectionMetadata.java:86)
Processing injected element of bean &apos;me.ilvc.wenda.dao.UserDaoTest&apos;: AutowiredFieldElement for private me.ilvc.wenda.dao.UserDao me.ilvc.wenda.dao.UserDaoTest.userDao
[DEBUG] 2017-06-08 21:55:39,321 method:org.springframework.beans.factory.support.AbstractBeanFactory.doGetBean(AbstractBeanFactory.java:248)
Returning cached instance of singleton bean &apos;userDao&apos;
[DEBUG] 2017-06-08 21:55:39,321 method:org.springframework.beans.factory.annotation.AutowiredAnnotationBeanPostProcessor.registerDependentBeans(AutowiredAnnotationBeanPostProcessor.java:480)
Autowiring by type from bean name &apos;me.ilvc.wenda.dao.UserDaoTest&apos; to bean named &apos;userDao&apos;
[DEBUG] 2017-06-08 21:55:39,322 method:org.springframework.beans.factory.support.AbstractBeanFactory.doGetBean(AbstractBeanFactory.java:248)
Returning cached instance of singleton bean &apos;org.springframework.aop.support.DefaultBeanFactoryPointcutAdvisor#0&apos;
[DEBUG] 2017-06-08 21:55:39,322 method:org.springframework.beans.factory.support.AbstractBeanFactory.doGetBean(AbstractBeanFactory.java:248)
Returning cached instance of singleton bean &apos;org.springframework.aop.support.DefaultBeanFactoryPointcutAdvisor#0&apos;
[DEBUG] 2017-06-08 21:55:39,323 method:org.mybatis.spring.SqlSessionUtils.getSqlSession(SqlSessionUtils.java:99)
Creating a new SqlSession
[DEBUG] 2017-06-08 21:55:39,323 method:org.mybatis.spring.SqlSessionUtils.registerSessionHolder(SqlSessionUtils.java:150)
SqlSession [org.apache.ibatis.session.defaults.DefaultSqlSession@13e9f2e2] was not registered for synchronization because synchronization is not active
[DEBUG] 2017-06-08 21:55:39,323 method:org.springframework.jdbc.datasource.DataSourceUtils.doGetConnection(DataSourceUtils.java:110)
Fetching JDBC Connection from DataSource
[DEBUG] 2017-06-08 21:55:39,324 method:org.mybatis.spring.transaction.SpringManagedTransaction.openConnection(SpringManagedTransaction.java:87)
JDBC Connection [com.mysql.jdbc.JDBC4Connection@27a0a5a2] will not be managed by Spring
[DEBUG] 2017-06-08 21:55:39,324 method:org.apache.ibatis.logging.jdbc.BaseJdbcLogger.debug(BaseJdbcLogger.java:142)
==&gt;  Preparing: SELECT uid, username, password, email, sex, city, signature, avtar, joinTime, lastLoginTime, onlineTime,is_activate FROM USER WHERE uid=?; 
[DEBUG] 2017-06-08 21:55:39,324 method:org.apache.ibatis.logging.jdbc.BaseJdbcLogger.debug(BaseJdbcLogger.java:142)
==&gt; Parameters: 10001(Integer)
[DEBUG] 2017-06-08 21:55:39,326 method:org.apache.ibatis.logging.jdbc.BaseJdbcLogger.debug(BaseJdbcLogger.java:142)
====&gt;  Preparing: SELECT q.question_id ,q.question_tiltle ,q.question_content,q.published_uid,q.add_time,q.update_time, q.view_count,q.anwer_count,q.category_id,q.is_stick,q.is_jing,q.is_accept FROM question q,USER u WHERE u.`uid`=q.`published_uid` AND u.`uid`=?; 
[DEBUG] 2017-06-08 21:55:39,327 method:org.apache.ibatis.logging.jdbc.BaseJdbcLogger.debug(BaseJdbcLogger.java:142)
====&gt; Parameters: 10001(Integer)
[DEBUG] 2017-06-08 21:55:39,341 method:org.apache.ibatis.logging.jdbc.BaseJdbcLogger.debug(BaseJdbcLogger.java:142)
&lt;====      Total: 117
[DEBUG] 2017-06-08 21:55:39,342 method:org.apache.ibatis.logging.jdbc.BaseJdbcLogger.debug(BaseJdbcLogger.java:142)
====&gt;  Preparing: SELECT q.`question_tiltle` title,a.answer_id ,a.qustion_id,a.answer_content,a.add_time,a.uid,a.agree_count FROM answer a,USER u,question q WHERE u.`uid`=a.`uid` AND q.`question_id`=a.`qustion_id` AND u.`uid`=?; 
[DEBUG] 2017-06-08 21:55:39,343 method:org.apache.ibatis.logging.jdbc.BaseJdbcLogger.debug(BaseJdbcLogger.java:142)
====&gt; Parameters: 10001(Integer)
[DEBUG] 2017-06-08 21:55:39,345 method:org.apache.ibatis.logging.jdbc.BaseJdbcLogger.debug(BaseJdbcLogger.java:142)
&lt;====      Total: 2
[DEBUG] 2017-06-08 21:55:39,345 method:org.apache.ibatis.logging.jdbc.BaseJdbcLogger.debug(BaseJdbcLogger.java:142)
&lt;==      Total: 1
[DEBUG] 2017-06-08 21:55:39,345 method:org.mybatis.spring.SqlSessionUtils.closeSqlSession(SqlSessionUtils.java:193)
Closing non transactional SqlSession [org.apache.ibatis.session.defaults.DefaultSqlSession@13e9f2e2]
[DEBUG] 2017-06-08 21:55:39,346 method:org.springframework.jdbc.datasource.DataSourceUtils.doReleaseConnection(DataSourceUtils.java:327)
Returning JDBC Connection to DataSource
User [uid=10001, username=ilvc, password=123456, email=328097822@qq.com, sex=1, city=�ϲ�, signature=���°��ã������Ҹ�, avtar=http://ooprvk5m6.bkt.clouddn.com/FppsDrVsWFtw6gvLycEyeY-fzQ79, jointime=2017-06-03 21:06:09.0, lastlogintime=2017-06-03 21:06:09.0, onlinetime=0, count=null, isActivate=1, q4user=[Question [questionId=10001, questionTiltle=hello layui, publishedUid=10001, addTime=2017-06-06 02:31:40.0, updateTime=2017-06-05 00:00:00.0, anwerCount=20, viewCount=10, categoryId=1, questionContent=Layui ��һ���ǳ������ǰ�˿�ܡ�, isStick=1, isJing=1, isAccept=0, user=null, qTags=null, qCategory=null, qAnswer=null], Question [questionId=10002, questionTiltle=����һ�����Ա���1, publishedUid=10001, addTime=2017-06-06 12:40:27.0, updateTime=2017-06-05 11:24:53.0, anwerCount=2, viewCount=1, categoryId=1, questionContent=���ǲ��Ե����ݡ����ǲ��Ե����ݡ����ǲ��Ե����ݡ����ǲ��Ե����ݡ�, isStick=1, isJing=0, isAccept=1, user=null, qTags=null, qCategory=null, qAnswer=null], Question [questionId=10004, questionTiltle=����һ�����Ա���3, publishedUid=10001, addTime=2017-06-06 02:31:47.0, updateTime=2017-06-05 13:12:41.0, anwerCount=6, viewCount=20, categoryId=1, questionContent=���ǲ��Ե�����2�����ǲ��Ե����ݡ����ǲ��Ե����ݡ����ǲ��Ե����ݡ�, isStick=0, isJing=1, isAccept=0, user=null, qTags=null, qCategory=null, qAnswer=null], Question [questionId=10005, questionTiltle=����һ�����Ա���4, publishedUid=10001, addTime=2017-06-06 12:27:26.0, updateTime=2017-06-05 13:13:56.0, anwerCount=30, viewCount=2, categoryId=1, questionContent=���ǲ��Ե�����2�����ǲ��Ե����ݡ����ǲ��Ե����ݡ����ǲ��Ե����ݡ�, isStick=0, isJing=1, isAccept=1, user=null, qTags=null, qCategory=null, qAnswer=null], Question [questionId=10006, questionTiltle=����һ�����Ա���2, publishedUid=10001, addTime=2017-06-06 12:22:10.0, updateTime=2017-06-05 15:20:26.0, anwerCount=0, viewCount=0, categoryId=1, questionContent=���ǲ��Ե�����2�����ǲ��Ե����ݡ����ǲ��Ե����ݡ����ǲ��Ե����ݡ�, isStick=0, isJing=1, isAccept=0, user=null, qTags=null, qCategory=null, qAnswer=null], Question [questionId=10007, questionTiltle=�ܶ����ó���̫��Ŀ���, publishedUid=10001, addTime=2017-06-06 13:21:14.0, updateTime=2017-06-06 13:21:14.0, anwerCount=0, viewCount=0, categoryId=1, questionContent=�ܶ����ó���̫��Ŀ��ԡ��ܶ����ó���̫��Ŀ���, isStick=0, isJing=0, isAccept=0, user=null, qTags=null, qCategory=null, qAnswer=null], Question [questionId=10008, questionTiltle=�ܶ����ó���̫��Ŀ���223, publishedUid=10001, addTime=2017-06-06 13:21:32.0, updateTime=2017-06-06 13:21:32.0, anwerCount=0, viewCount=0, categoryId=1, questionContent=�ܶ����ó���̫��Ŀ���2223���ܶ����ó���̫��Ŀ���, isStick=0, isJing=0, isAccept=0, user=null, qTags=null, qCategory=null, qAnswer=null], Question [questionId=10009, questionTiltle=��ҳ����, publishedUid=10001, addTime=2017-06-06 23:28:03.0, updateTime=2017-06-06 23:28:03.0, anwerCount=0, viewCount=0, categoryId=1, questionContent=��ҳ����223���ܶ����ó���̫��Ŀ���, isStick=0, isJing=0, isAccept=0, user=null, qTags=null, qCategory=null, qAnswer=null], Question [questionId=10010, questionTiltle=�����������룬��ȡ�������ݡ�1, publishedUid=10001, addTime=2017-06-06 23:33:44.0, updateTime=2017-06-06 23:33:44.0, anwerCount=0, viewCount=0, categoryId=1, questionContent=��ҳ����223���ܶ����ó���̫��Ŀ���, isStick=0, isJing=0, isAccept=0, user=null, qTags=null, qCategory=null, qAnswer=null], Question [questionId=10011, questionTiltle=�����������룬��ȡ�������ݡ�2, publishedUid=10001, addTime=2017-06-06 23:33:44.0, updateTime=2017-06-06 23:33:44.0, anwerCount=0, viewCount=0, categoryId=1, questionContent=��ҳ����223���ܶ����ó���̫��Ŀ���, isStick=0, isJing=0, isAccept=0, user=null, qTags=null, qCategory=null, qAnswer=null], Question [questionId=10012, questionTiltle=�����������룬��ȡ�������ݡ�3, publishedUid=10001, addTime=2017-06-06 23:33:44.0, updateTime=2017-06-06 23:33:44.0, anwerCount=0, viewCount=0, categoryId=1, questionContent=��ҳ����223���ܶ����ó���̫��Ŀ���, isStick=0, isJing=0, isAccept=0, user=null, qTags=null, qCategory=null, qAnswer=null], Question [questionId=10013, questionTiltle=�����������룬��ȡ�������ݡ�4, publishedUid=10001, addTime=2017-06-06 23:33:44.0, updateTime=2017-06-06 23:33:44.0, anwerCount=0, viewCount=0, categoryId=1, questionContent=��ҳ����223���ܶ����ó���̫��Ŀ���, isStick=0, isJing=0, isAccept=0, user=null, qTags=null, qCategory=null, qAnswer=null], Question [questionId=10014, questionTiltle=�����������룬��ȡ�������ݡ�5, publishedUid=10001, addTime=2017-06-06 23:33:44.0, updateTime=2017-06-06 23:33:44.0, anwerCount=0, viewCount=0, categoryId=1, questionContent=��ҳ����223���ܶ����ó���̫��Ŀ���, isStick=0, isJing=0, isAccept=0, user=null, qTags=null, qCategory=null, qAnswer=null], Question [questionId=10015, questionTiltle=�����������룬��ȡ�������ݡ�6, publishedUid=10001, addTime=2017-06-06 23:33:44.0, updateTime=2017-06-06 23:33:44.0, anwerCount=0, viewCount=0, categoryId=1, questionContent=��ҳ����223���ܶ����ó���̫��Ŀ���, isStick=0, isJing=0, isAccept=0, user=null, qTags=null, qCategory=null, qAnswer=null], Question [questionId=10016, questionTiltle=�����������룬��ȡ�������ݡ�7, publishedUid=10001, addTime=2017-06-06 23:33:44.0, updateTime=2017-06-06 23:33:44.0, anwerCount=0, viewCount=0, categoryId=1, questionContent=��ҳ����223���ܶ����ó���̫��Ŀ���, isStick=0, isJing=0, isAccept=0, user=null, qTags=null, qCategory=null, qAnswer=null], Question [questionId=10017, questionTiltle=�����������룬��ȡ�������ݡ�8, publishedUid=10001, addTime=2017-06-06 23:33:44.0, updateTime=2017-06-06 23:33:44.0, anwerCount=0, viewCount=0, categoryId=1, questionContent=��ҳ����223���ܶ����ó���̫��Ŀ���, isStick=0, isJing=0, isAccept=0, user=null, qTags=null, qCategory=null, qAnswer=null], Question [questionId=10018, questionTiltle=�����������룬��ȡ�������ݡ�9, publishedUid=10001, addTime=2017-06-06 23:33:44.0, updateTime=2017-06-06 23:33:44.0, anwerCount=0, viewCount=0, categoryId=1, questionContent=��ҳ����223���ܶ����ó���̫��Ŀ���, isStick=0, isJing=0, isAccept=0, user=null, qTags=null, qCategory=null, qAnswer=null], Question [questionId=10019, questionTiltle=�����������룬��ȡ�������ݡ�10, publishedUid=10001, addTime=2017-06-06 23:33:44.0, updateTime=2017-06-06 23:33:44.0, anwerCount=0, viewCount=0, categoryId=1, questionContent=��ҳ����223���ܶ����ó���̫��Ŀ���, isStick=0, isJing=0, isAccept=0, user=null, qTags=null, qCategory=null, qAnswer=null], Question [questionId=10020, questionTiltle=�����������룬��ȡ�������ݡ�11, publishedUid=10001, addTime=2017-06-06 23:33:44.0, updateTime=2017-06-06 23:33:44.0, anwerCount=0, viewCount=0, categoryId=1, questionContent=��ҳ����223���ܶ����ó���̫��Ŀ���, isStick=0, isJing=0, isAccept=0, user=null, qTags=null, qCategory=null, qAnswer=null], Question [questionId=10021, questionTiltle=�����������룬��ȡ�������ݡ�12, publishedUid=10001, addTime=2017-06-06 23:33:44.0, updateTime=2017-06-06 23:33:44.0, anwerCount=0, viewCount=0, categoryId=1, questionContent=��ҳ����223���ܶ����ó���̫��Ŀ���, isStick=0, isJing=0, isAccept=0, user=null, qTags=null, qCategory=null, qAnswer=null], Question [questionId=10022, questionTiltle=�����������룬��ȡ�������ݡ�13, publishedUid=10001, addTime=2017-06-06 23:33:44.0, updateTime=2017-06-06 23:33:44.0, anwerCount=0, viewCount=0, categoryId=1, questionContent=��ҳ����223���ܶ����ó���̫��Ŀ���, isStick=0, isJing=0, isAccept=0, user=null, qTags=null, qCategory=null, qAnswer=null], Question [questionId=10023, questionTiltle=�����������룬��ȡ�������ݡ�14, publishedUid=10001, addTime=2017-06-06 23:33:44.0, updateTime=2017-06-06 23:33:44.0, anwerCount=0, viewCount=0, categoryId=1, questionContent=��ҳ����223���ܶ����ó���̫��Ŀ���, isStick=0, isJing=0, isAccept=0, user=null, qTags=null, qCategory=null, qAnswer=null], Question [questionId=10024, questionTiltle=�����������룬��ȡ�������ݡ�15, publishedUid=10001, addTime=2017-06-06 23:33:45.0, updateTime=2017-06-06 23:33:45.0, anwerCount=0, viewCount=0, categoryId=1, questionContent=��ҳ����223���ܶ����ó���̫��Ŀ���, isStick=0, isJing=0, isAccept=0, user=null, qTags=null, qCategory=null, qAnswer=null], Question [questionId=10025, questionTiltle=�����������룬��ȡ�������ݡ�16, publishedUid=10001, addTime=2017-06-06 23:33:45.0, updateTime=2017-06-06 23:33:45.0, anwerCount=0, viewCount=0, categoryId=1, questionContent=��ҳ����223���ܶ����ó���̫��Ŀ���, isStick=0, isJing=0, isAccept=0, user=null, qTags=null, qCategory=null, qAnswer=null], Question [questionId=10026, questionTiltle=�����������룬��ȡ�������ݡ�17, publishedUid=10001, addTime=2017-06-06 23:33:45.0, updateTime=2017-06-06 23:33:45.0, anwerCount=0, viewCount=0, categoryId=1, questionContent=��ҳ����223���ܶ����ó���̫��Ŀ���, isStick=0, isJing=0, isAccept=0, user=null, qTags=null, qCategory=null, qAnswer=null], Question [questionId=10028, questionTiltle=�����������룬��ȡ�������ݡ�19, publishedUid=10001, addTime=2017-06-06 23:33:45.0, updateTime=2017-06-06 23:33:45.0, anwerCount=0, viewCount=0, categoryId=1, questionContent=��ҳ����223���ܶ����ó���̫��Ŀ���, isStick=0, isJing=0, isAccept=0, user=null, qTags=null, qCategory=null, qAnswer=null], Question [questionId=10030, questionTiltle=�����������룬��ȡ�������ݡ�2, publishedUid=10001, addTime=2017-06-07 00:31:56.0, updateTime=2017-06-07 00:31:56.0, anwerCount=0, viewCount=0, categoryId=1, questionContent=��ҳ����223���ܶ����ó���̫��Ŀ���, isStick=0, isJing=0, isAccept=0, user=null, qTags=null, qCategory=null, qAnswer=null], Question [questionId=10031, questionTiltle=�����������룬��ȡ�������ݡ�3, publishedUid=10001, addTime=2017-06-07 00:31:56.0, updateTime=2017-06-07 00:31:56.0, anwerCount=0, viewCount=0, categoryId=1, questionContent=��ҳ����223���ܶ����ó���̫��Ŀ���, isStick=0, isJing=0, isAccept=0, user=null, qTags=null, qCategory=null, qAnswer=null], Question [questionId=10033, questionTiltle=�����������룬��ȡ�������ݡ�5, publishedUid=10001, addTime=2017-06-07 00:31:56.0, updateTime=2017-06-07 00:31:56.0, anwerCount=0, viewCount=0, categoryId=1, questionContent=��ҳ����223���ܶ����ó���̫��Ŀ���, isStick=0, isJing=0, isAccept=0, user=null, qTags=null, qCategory=null, qAnswer=null], Question [questionId=10035, questionTiltle=�����������룬��ȡ�������ݡ�7, publishedUid=10001, addTime=2017-06-07 00:31:56.0, updateTime=2017-06-07 00:31:56.0, anwerCount=0, viewCount=0, categoryId=1, questionContent=��ҳ����223���ܶ����ó���̫��Ŀ���, isStick=0, isJing=0, isAccept=0, user=null, qTags=null, qCategory=null, qAnswer=null], Question [questionId=10036, questionTiltle=�����������룬��ȡ�������ݡ�8, publishedUid=10001, addTime=2017-06-07 00:31:57.0, updateTime=2017-06-07 00:31:57.0, anwerCount=0, viewCount=0, categoryId=1, questionContent=��ҳ����223���ܶ����ó���̫��Ŀ���, isStick=0, isJing=0, isAccept=0, user=null, qTags=null, qCategory=null, qAnswer=null], Question [questionId=10038, questionTiltle=�����������룬��ȡ�������ݡ�10, publishedUid=10001, addTime=2017-06-07 00:31:57.0, updateTime=2017-06-07 00:31:57.0, anwerCount=0, viewCount=0, categoryId=1, questionContent=��ҳ����223���ܶ����ó���̫��Ŀ���, isStick=0, isJing=0, isAccept=0, user=null, qTags=null, qCategory=null, qAnswer=null], Question [questionId=10039, questionTiltle=�����������룬��ȡ�������ݡ�11, publishedUid=10001, addTime=2017-06-07 00:31:57.0, updateTime=2017-06-07 00:31:57.0, anwerCount=0, viewCount=0, categoryId=1, questionContent=��ҳ����223���ܶ����ó���̫��Ŀ���, isStick=0, isJing=0, isAccept=0, user=null, qTags=null, qCategory=null, qAnswer=null], Question [questionId=10040, questionTiltle=�����������룬��ȡ�������ݡ�12, publishedUid=10001, addTime=2017-06-07 00:31:57.0, updateTime=2017-06-07 00:31:57.0, anwerCount=0, viewCount=0, categoryId=1, questionContent=��ҳ����223���ܶ����ó���̫��Ŀ���, isStick=0, isJing=0, isAccept=0, user=null, qTags=null, qCategory=null, qAnswer=null], Question [questionId=10041, questionTiltle=�����������룬��ȡ�������ݡ�13, publishedUid=10001, addTime=2017-06-07 00:31:57.0, updateTime=2017-06-07 00:31:57.0, anwerCount=0, viewCount=0, categoryId=1, questionContent=��ҳ����223���ܶ����ó���̫��Ŀ���, isStick=0, isJing=0, isAccept=0, user=null, qTags=null, qCategory=null, qAnswer=null], Question [questionId=10042, questionTiltle=�����������룬��ȡ�������ݡ�14, publishedUid=10001, addTime=2017-06-07 00:31:57.0, updateTime=2017-06-07 00:31:57.0, anwerCount=0, viewCount=0, categoryId=1, questionContent=��ҳ����223���ܶ����ó���̫��Ŀ���, isStick=0, isJing=0, isAccept=0, user=null, qTags=null, qCategory=null, qAnswer=null], Question [questionId=10043, questionTiltle=�����������룬��ȡ�������ݡ�15, publishedUid=10001, addTime=2017-06-07 00:31:57.0, updateTime=2017-06-07 00:31:57.0, anwerCount=0, viewCount=0, categoryId=1, questionContent=��ҳ����223���ܶ����ó���̫��Ŀ���, isStick=0, isJing=0, isAccept=0, user=null, qTags=null, qCategory=null, qAnswer=null], Question [questionId=10044, questionTiltle=�����������룬��ȡ�������ݡ�16, publishedUid=10001, addTime=2017-06-07 00:31:57.0, updateTime=2017-06-07 00:31:57.0, anwerCount=0, viewCount=0, categoryId=1, questionContent=��ҳ����223���ܶ����ó���̫��Ŀ���, isStick=0, isJing=0, isAccept=0, user=null, qTags=null, qCategory=null, qAnswer=null], Question [questionId=10045, questionTiltle=�����������룬��ȡ�������ݡ�17, publishedUid=10001, addTime=2017-06-07 00:31:57.0, updateTime=2017-06-07 00:31:57.0, anwerCount=0, viewCount=0, categoryId=1, questionContent=��ҳ����223���ܶ����ó���̫��Ŀ���, isStick=0, isJing=0, isAccept=0, user=null, qTags=null, qCategory=null, qAnswer=null], Question [questionId=10046, questionTiltle=�����������룬��ȡ�������ݡ�18, publishedUid=10001, addTime=2017-06-07 00:31:57.0, updateTime=2017-06-07 00:31:57.0, anwerCount=0, viewCount=0, categoryId=1, questionContent=��ҳ����223���ܶ����ó���̫��Ŀ���, isStick=0, isJing=0, isAccept=0, user=null, qTags=null, qCategory=null, qAnswer=null], Question [questionId=10047, questionTiltle=�����������룬��ȡ�������ݡ�19, publishedUid=10001, addTime=2017-06-07 00:31:57.0, updateTime=2017-06-07 00:31:57.0, anwerCount=0, viewCount=0, categoryId=1, questionContent=��ҳ����223���ܶ����ó���̫��Ŀ���, isStick=0, isJing=0, isAccept=0, user=null, qTags=null, qCategory=null, qAnswer=null], Question [questionId=10048, questionTiltle=�����������룬��ȡ�������ݡ�1, publishedUid=10001, addTime=2017-06-07 10:34:06.0, updateTime=2017-06-07 10:34:06.0, anwerCount=0, viewCount=0, categoryId=1, questionContent=��ҳ����223���ܶ����ó���̫��Ŀ���, isStick=0, isJing=0, isAccept=0, user=null, qTags=null, qCategory=null, qAnswer=null], Question [questionId=10049, questionTiltle=�����������룬��ȡ�������ݡ�2, publishedUid=10001, addTime=2017-06-07 10:34:06.0, updateTime=2017-06-07 10:34:06.0, anwerCount=0, viewCount=0, categoryId=1, questionContent=��ҳ����223���ܶ����ó���̫��Ŀ���, isStick=0, isJing=0, isAccept=0, user=null, qTags=null, qCategory=null, qAnswer=null], Question [questionId=10050, questionTiltle=�����������룬��ȡ�������ݡ�3, publishedUid=10001, addTime=2017-06-07 10:34:06.0, updateTime=2017-06-07 10:34:06.0, anwerCount=0, viewCount=0, categoryId=1, questionContent=��ҳ����223���ܶ����ó���̫��Ŀ���, isStick=0, isJing=0, isAccept=0, user=null, qTags=null, qCategory=null, qAnswer=null], Question [questionId=10051, questionTiltle=�����������룬��ȡ�������ݡ�4, publishedUid=10001, addTime=2017-06-07 10:34:06.0, updateTime=2017-06-07 10:34:06.0, anwerCount=0, viewCount=0, categoryId=1, questionContent=��ҳ����223���ܶ����ó���̫��Ŀ���, isStick=0, isJing=0, isAccept=0, user=null, qTags=null, qCategory=null, qAnswer=null], Question [questionId=10052, questionTiltle=�����������룬��ȡ�������ݡ�5, publishedUid=10001, addTime=2017-06-07 10:34:06.0, updateTime=2017-06-07 10:34:06.0, anwerCount=0, viewCount=0, categoryId=1, questionContent=��ҳ����223���ܶ����ó���̫��Ŀ���, isStick=0, isJing=0, isAccept=0, user=null, qTags=null, qCategory=null, qAnswer=null], Question [questionId=10053, questionTiltle=�����������룬��ȡ�������ݡ�6, publishedUid=10001, addTime=2017-06-07 10:34:06.0, updateTime=2017-06-07 10:34:06.0, anwerCount=0, viewCount=0, categoryId=1, questionContent=��ҳ����223���ܶ����ó���̫��Ŀ���, isStick=0, isJing=0, isAccept=0, user=null, qTags=null, qCategory=null, qAnswer=null], Question [questionId=10054, questionTiltle=�����������룬��ȡ�������ݡ�7, publishedUid=10001, addTime=2017-06-07 10:34:06.0, updateTime=2017-06-07 10:34:06.0, anwerCount=0, viewCount=0, categoryId=1, questionContent=��ҳ����223���ܶ����ó���̫��Ŀ���, isStick=0, isJing=0, isAccept=0, user=null, qTags=null, qCategory=null, qAnswer=null], Question [questionId=10055, questionTiltle=�����������룬��ȡ�������ݡ�8, publishedUid=10001, addTime=2017-06-07 10:34:06.0, updateTime=2017-06-07 10:34:06.0, anwerCount=0, viewCount=0, categoryId=1, questionContent=��ҳ����223���ܶ����ó���̫��Ŀ���, isStick=0, isJing=0, isAccept=0, user=null, qTags=null, qCategory=null, qAnswer=null], Question [questionId=10056, questionTiltle=�����������룬��ȡ�������ݡ�9, publishedUid=10001, addTime=2017-06-07 10:34:07.0, updateTime=2017-06-07 10:34:07.0, anwerCount=0, viewCount=0, categoryId=1, questionContent=��ҳ����223���ܶ����ó���̫��Ŀ���, isStick=0, isJing=0, isAccept=0, user=null, qTags=null, qCategory=null, qAnswer=null], Question [questionId=10057, questionTiltle=�����������룬��ȡ�������ݡ�10, publishedUid=10001, addTime=2017-06-07 10:34:07.0, updateTime=2017-06-07 10:34:07.0, anwerCount=0, viewCount=0, categoryId=1, questionContent=��ҳ����223���ܶ����ó���̫��Ŀ���, isStick=0, isJing=0, isAccept=0, user=null, qTags=null, qCategory=null, qAnswer=null], Question [questionId=10058, questionTiltle=�����������룬��ȡ�������ݡ�11, publishedUid=10001, addTime=2017-06-07 10:34:07.0, updateTime=2017-06-07 10:34:07.0, anwerCount=0, viewCount=0, categoryId=1, questionContent=��ҳ����223���ܶ����ó���̫��Ŀ���, isStick=0, isJing=0, isAccept=0, user=null, qTags=null, qCategory=null, qAnswer=null], Question [questionId=10059, questionTiltle=�����������룬��ȡ�������ݡ�12, publishedUid=10001, addTime=2017-06-07 10:34:07.0, updateTime=2017-06-07 10:34:07.0, anwerCount=0, viewCount=0, categoryId=1, questionContent=��ҳ����223���ܶ����ó���̫��Ŀ���, isStick=0, isJing=0, isAccept=0, user=null, qTags=null, qCategory=null, qAnswer=null], Question [questionId=10060, questionTiltle=�����������룬��ȡ�������ݡ�13, publishedUid=10001, addTime=2017-06-07 10:34:07.0, updateTime=2017-06-07 10:34:07.0, anwerCount=0, viewCount=0, categoryId=1, questionContent=��ҳ����223���ܶ����ó���̫��Ŀ���, isStick=0, isJing=0, isAccept=0, user=null, qTags=null, qCategory=null, qAnswer=null], Question [questionId=10061, questionTiltle=�����������룬��ȡ�������ݡ�14, publishedUid=10001, addTime=2017-06-07 10:34:07.0, updateTime=2017-06-07 10:34:07.0, anwerCount=0, viewCount=0, categoryId=1, questionContent=��ҳ����223���ܶ����ó���̫��Ŀ���, isStick=0, isJing=0, isAccept=0, user=null, qTags=null, qCategory=null, qAnswer=null], Question [questionId=10062, questionTiltle=�����������룬��ȡ�������ݡ�15, publishedUid=10001, addTime=2017-06-07 10:34:07.0, updateTime=2017-06-07 10:34:07.0, anwerCount=0, viewCount=0, categoryId=1, questionContent=��ҳ����223���ܶ����ó���̫��Ŀ���, isStick=0, isJing=0, isAccept=0, user=null, qTags=null, qCategory=null, qAnswer=null], Question [questionId=10063, questionTiltle=�����������룬��ȡ�������ݡ�16, publishedUid=10001, addTime=2017-06-07 10:34:07.0, updateTime=2017-06-07 10:34:07.0, anwerCount=0, viewCount=0, categoryId=1, questionContent=��ҳ����223���ܶ����ó���̫��Ŀ���, isStick=0, isJing=0, isAccept=0, user=null, qTags=null, qCategory=null, qAnswer=null], Question [questionId=10064, questionTiltle=�����������룬��ȡ�������ݡ�17, publishedUid=10001, addTime=2017-06-07 10:34:07.0, updateTime=2017-06-07 10:34:07.0, anwerCount=0, viewCount=0, categoryId=1, questionContent=��ҳ����223���ܶ����ó���̫��Ŀ���, isStick=0, isJing=0, isAccept=0, user=null, qTags=null, qCategory=null, qAnswer=null], Question [questionId=10065, questionTiltle=�����������룬��ȡ�������ݡ�18, publishedUid=10001, addTime=2017-06-07 10:34:07.0, updateTime=2017-06-07 10:34:07.0, anwerCount=0, viewCount=0, categoryId=1, questionContent=��ҳ����223���ܶ����ó���̫��Ŀ���, isStick=0, isJing=0, isAccept=0, user=null, qTags=null, qCategory=null, qAnswer=null], Question [questionId=10066, questionTiltle=�����������룬��ȡ�������ݡ�19, publishedUid=10001, addTime=2017-06-07 10:34:07.0, updateTime=2017-06-07 10:34:07.0, anwerCount=0, viewCount=0, categoryId=1, questionContent=��ҳ����223���ܶ����ó���̫��Ŀ���, isStick=0, isJing=0, isAccept=0, user=null, qTags=null, qCategory=null, qAnswer=null], Question [questionId=10067, questionTiltle=�����������룬��ȡ�������ݡ�1, publishedUid=10001, addTime=2017-06-07 22:21:27.0, updateTime=2017-06-07 22:21:27.0, anwerCount=0, viewCount=0, categoryId=1, questionContent=��ҳ����223���ܶ����ó���̫��Ŀ���, isStick=0, isJing=0, isAccept=0, user=null, qTags=null, qCategory=null, qAnswer=null], Question [questionId=10068, questionTiltle=�����������룬��ȡ�������ݡ�2, publishedUid=10001, addTime=2017-06-07 22:21:27.0, updateTime=2017-06-07 22:21:27.0, anwerCount=0, viewCount=0, categoryId=1, questionContent=��ҳ����223���ܶ����ó���̫��Ŀ���, isStick=0, isJing=0, isAccept=0, user=null, qTags=null, qCategory=null, qAnswer=null], Question [questionId=10069, questionTiltle=�����������룬��ȡ�������ݡ�3, publishedUid=10001, addTime=2017-06-07 22:21:27.0, updateTime=2017-06-07 22:21:27.0, anwerCount=0, viewCount=0, categoryId=1, questionContent=��ҳ����223���ܶ����ó���̫��Ŀ���, isStick=0, isJing=0, isAccept=0, user=null, qTags=null, qCategory=null, qAnswer=null], Question [questionId=10070, questionTiltle=�����������룬��ȡ�������ݡ�4, publishedUid=10001, addTime=2017-06-07 22:21:27.0, updateTime=2017-06-07 22:21:27.0, anwerCount=0, viewCount=0, categoryId=1, questionContent=��ҳ����223���ܶ����ó���̫��Ŀ���, isStick=0, isJing=0, isAccept=0, user=null, qTags=null, qCategory=null, qAnswer=null], Question [questionId=10071, questionTiltle=�����������룬��ȡ�������ݡ�5, publishedUid=10001, addTime=2017-06-07 22:21:27.0, updateTime=2017-06-07 22:21:27.0, anwerCount=0, viewCount=0, categoryId=1, questionContent=��ҳ����223���ܶ����ó���̫��Ŀ���, isStick=0, isJing=0, isAccept=0, user=null, qTags=null, qCategory=null, qAnswer=null], Question [questionId=10072, questionTiltle=�����������룬��ȡ�������ݡ�6, publishedUid=10001, addTime=2017-06-07 22:21:27.0, updateTime=2017-06-07 22:21:27.0, anwerCount=0, viewCount=0, categoryId=1, questionContent=��ҳ����223���ܶ����ó���̫��Ŀ���, isStick=0, isJing=0, isAccept=0, user=null, qTags=null, qCategory=null, qAnswer=null], Question [questionId=10073, questionTiltle=�����������룬��ȡ�������ݡ�7, publishedUid=10001, addTime=2017-06-07 22:21:28.0, updateTime=2017-06-07 22:21:28.0, anwerCount=0, viewCount=0, categoryId=1, questionContent=��ҳ����223���ܶ����ó���̫��Ŀ���, isStick=0, isJing=0, isAccept=0, user=null, qTags=null, qCategory=null, qAnswer=null], Question [questionId=10074, questionTiltle=�����������룬��ȡ�������ݡ�8, publishedUid=10001, addTime=2017-06-07 22:21:28.0, updateTime=2017-06-07 22:21:28.0, anwerCount=0, viewCount=0, categoryId=1, questionContent=��ҳ����223���ܶ����ó���̫��Ŀ���, isStick=0, isJing=0, isAccept=0, user=null, qTags=null, qCategory=null, qAnswer=null], Question [questionId=10075, questionTiltle=�����������룬��ȡ�������ݡ�9, publishedUid=10001, addTime=2017-06-07 22:21:28.0, updateTime=2017-06-07 22:21:28.0, anwerCount=0, viewCount=0, categoryId=1, questionContent=��ҳ����223���ܶ����ó���̫��Ŀ���, isStick=0, isJing=0, isAccept=0, user=null, qTags=null, qCategory=null, qAnswer=null], Question [questionId=10076, questionTiltle=�����������룬��ȡ�������ݡ�10, publishedUid=10001, addTime=2017-06-07 22:21:28.0, updateTime=2017-06-07 22:21:28.0, anwerCount=0, viewCount=0, categoryId=1, questionContent=��ҳ����223���ܶ����ó���̫��Ŀ���, isStick=0, isJing=0, isAccept=0, user=null, qTags=null, qCategory=null, qAnswer=null], Question [questionId=10077, questionTiltle=�����������룬��ȡ�������ݡ�11, publishedUid=10001, addTime=2017-06-07 22:21:28.0, updateTime=2017-06-07 22:21:28.0, anwerCount=0, viewCount=0, categoryId=1, questionContent=��ҳ����223���ܶ����ó���̫��Ŀ���, isStick=0, isJing=0, isAccept=0, user=null, qTags=null, qCategory=null, qAnswer=null], Question [questionId=10078, questionTiltle=�����������룬��ȡ�������ݡ�12, publishedUid=10001, addTime=2017-06-07 22:21:28.0, updateTime=2017-06-07 22:21:28.0, anwerCount=0, viewCount=0, categoryId=1, questionContent=��ҳ����223���ܶ����ó���̫��Ŀ���, isStick=0, isJing=0, isAccept=0, user=null, qTags=null, qCategory=null, qAnswer=null], Question [questionId=10079, questionTiltle=�����������룬��ȡ�������ݡ�13, publishedUid=10001, addTime=2017-06-07 22:21:28.0, updateTime=2017-06-07 22:21:28.0, anwerCount=0, viewCount=0, categoryId=1, questionContent=��ҳ����223���ܶ����ó���̫��Ŀ���, isStick=0, isJing=0, isAccept=0, user=null, qTags=null, qCategory=null, qAnswer=null], Question [questionId=10080, questionTiltle=�����������룬��ȡ�������ݡ�14, publishedUid=10001, addTime=2017-06-07 22:21:28.0, updateTime=2017-06-07 22:21:28.0, anwerCount=0, viewCount=0, categoryId=1, questionContent=��ҳ����223���ܶ����ó���̫��Ŀ���, isStick=0, isJing=0, isAccept=0, user=null, qTags=null, qCategory=null, qAnswer=null], Question [questionId=10081, questionTiltle=�����������룬��ȡ�������ݡ�15, publishedUid=10001, addTime=2017-06-07 22:21:28.0, updateTime=2017-06-07 22:21:28.0, anwerCount=0, viewCount=0, categoryId=1, questionContent=��ҳ����223���ܶ����ó���̫��Ŀ���, isStick=0, isJing=0, isAccept=0, user=null, qTags=null, qCategory=null, qAnswer=null], Question [questionId=10082, questionTiltle=�����������룬��ȡ�������ݡ�16, publishedUid=10001, addTime=2017-06-07 22:21:28.0, updateTime=2017-06-07 22:21:28.0, anwerCount=0, viewCount=0, categoryId=1, questionContent=��ҳ����223���ܶ����ó���̫��Ŀ���, isStick=0, isJing=0, isAccept=0, user=null, qTags=null, qCategory=null, qAnswer=null], Question [questionId=10083, questionTiltle=�����������룬��ȡ�������ݡ�17, publishedUid=10001, addTime=2017-06-07 22:21:28.0, updateTime=2017-06-07 22:21:28.0, anwerCount=0, viewCount=0, categoryId=1, questionContent=��ҳ����223���ܶ����ó���̫��Ŀ���, isStick=0, isJing=0, isAccept=0, user=null, qTags=null, qCategory=null, qAnswer=null], Question [questionId=10084, questionTiltle=�����������룬��ȡ�������ݡ�18, publishedUid=10001, addTime=2017-06-07 22:21:28.0, updateTime=2017-06-07 22:21:28.0, anwerCount=0, viewCount=0, categoryId=1, questionContent=��ҳ����223���ܶ����ó���̫��Ŀ���, isStick=0, isJing=0, isAccept=0, user=null, qTags=null, qCategory=null, qAnswer=null], Question [questionId=10085, questionTiltle=�����������룬��ȡ�������ݡ�19, publishedUid=10001, addTime=2017-06-07 22:21:28.0, updateTime=2017-06-07 22:21:28.0, anwerCount=0, viewCount=0, categoryId=1, questionContent=��ҳ����223���ܶ����ó���̫��Ŀ���, isStick=0, isJing=0, isAccept=0, user=null, qTags=null, qCategory=null, qAnswer=null], Question [questionId=10086, questionTiltle=�����������룬��ȡ�������ݡ�1, publishedUid=10001, addTime=2017-06-08 15:17:41.0, updateTime=2017-06-08 15:17:41.0, anwerCount=0, viewCount=0, categoryId=1, questionContent=��ҳ����223���ܶ����ó���̫��Ŀ���, isStick=0, isJing=0, isAccept=0, user=null, qTags=null, qCategory=null, qAnswer=null], Question [questionId=10087, questionTiltle=�����������룬��ȡ�������ݡ�2, publishedUid=10001, addTime=2017-06-08 15:17:41.0, updateTime=2017-06-08 15:17:41.0, anwerCount=0, viewCount=0, categoryId=1, questionContent=��ҳ����223���ܶ����ó���̫��Ŀ���, isStick=0, isJing=0, isAccept=0, user=null, qTags=null, qCategory=null, qAnswer=null], Question [questionId=10088, questionTiltle=�����������룬��ȡ�������ݡ�3, publishedUid=10001, addTime=2017-06-08 15:17:42.0, updateTime=2017-06-08 15:17:42.0, anwerCount=0, viewCount=0, categoryId=1, questionContent=��ҳ����223���ܶ����ó���̫��Ŀ���, isStick=0, isJing=0, isAccept=0, user=null, qTags=null, qCategory=null, qAnswer=null], Question [questionId=10089, questionTiltle=�����������룬��ȡ�������ݡ�4, publishedUid=10001, addTime=2017-06-08 15:17:42.0, updateTime=2017-06-08 15:17:42.0, anwerCount=0, viewCount=0, categoryId=1, questionContent=��ҳ����223���ܶ����ó���̫��Ŀ���, isStick=0, isJing=0, isAccept=0, user=null, qTags=null, qCategory=null, qAnswer=null], Question [questionId=10090, questionTiltle=�����������룬��ȡ�������ݡ�5, publishedUid=10001, addTime=2017-06-08 15:17:42.0, updateTime=2017-06-08 15:17:42.0, anwerCount=0, viewCount=0, categoryId=1, questionContent=��ҳ����223���ܶ����ó���̫��Ŀ���, isStick=0, isJing=0, isAccept=0, user=null, qTags=null, qCategory=null, qAnswer=null], Question [questionId=10091, questionTiltle=�����������룬��ȡ�������ݡ�6, publishedUid=10001, addTime=2017-06-08 15:17:42.0, updateTime=2017-06-08 15:17:42.0, anwerCount=0, viewCount=0, categoryId=1, questionContent=��ҳ����223���ܶ����ó���̫��Ŀ���, isStick=0, isJing=0, isAccept=0, user=null, qTags=null, qCategory=null, qAnswer=null], Question [questionId=10092, questionTiltle=�����������룬��ȡ�������ݡ�7, publishedUid=10001, addTime=2017-06-08 15:17:42.0, updateTime=2017-06-08 15:17:42.0, anwerCount=0, viewCount=0, categoryId=1, questionContent=��ҳ����223���ܶ����ó���̫��Ŀ���, isStick=0, isJing=0, isAccept=0, user=null, qTags=null, qCategory=null, qAnswer=null], Question [questionId=10093, questionTiltle=�����������룬��ȡ�������ݡ�8, publishedUid=10001, addTime=2017-06-08 15:17:42.0, updateTime=2017-06-08 15:17:42.0, anwerCount=0, viewCount=0, categoryId=1, questionContent=��ҳ����223���ܶ����ó���̫��Ŀ���, isStick=0, isJing=0, isAccept=0, user=null, qTags=null, qCategory=null, qAnswer=null], Question [questionId=10094, questionTiltle=�����������룬��ȡ�������ݡ�9, publishedUid=10001, addTime=2017-06-08 15:17:42.0, updateTime=2017-06-08 15:17:42.0, anwerCount=0, viewCount=0, categoryId=1, questionContent=��ҳ����223���ܶ����ó���̫��Ŀ���, isStick=0, isJing=0, isAccept=0, user=null, qTags=null, qCategory=null, qAnswer=null], Question [questionId=10095, questionTiltle=�����������룬��ȡ�������ݡ�10, publishedUid=10001, addTime=2017-06-08 15:17:42.0, updateTime=2017-06-08 15:17:42.0, anwerCount=0, viewCount=0, categoryId=1, questionContent=��ҳ����223���ܶ����ó���̫��Ŀ���, isStick=0, isJing=0, isAccept=0, user=null, qTags=null, qCategory=null, qAnswer=null], Question [questionId=10096, questionTiltle=�����������룬��ȡ�������ݡ�11, publishedUid=10001, addTime=2017-06-08 15:17:42.0, updateTime=2017-06-08 15:17:42.0, anwerCount=0, viewCount=0, categoryId=1, questionContent=��ҳ����223���ܶ����ó���̫��Ŀ���, isStick=0, isJing=0, isAccept=0, user=null, qTags=null, qCategory=null, qAnswer=null], Question [questionId=10097, questionTiltle=�����������룬��ȡ�������ݡ�12, publishedUid=10001, addTime=2017-06-08 15:17:42.0, updateTime=2017-06-08 15:17:42.0, anwerCount=0, viewCount=0, categoryId=1, questionContent=��ҳ����223���ܶ����ó���̫��Ŀ���, isStick=0, isJing=0, isAccept=0, user=null, qTags=null, qCategory=null, qAnswer=null], Question [questionId=10098, questionTiltle=�����������룬��ȡ�������ݡ�13, publishedUid=10001, addTime=2017-06-08 15:17:42.0, updateTime=2017-06-08 15:17:42.0, anwerCount=0, viewCount=0, categoryId=1, questionContent=��ҳ����223���ܶ����ó���̫��Ŀ���, isStick=0, isJing=0, isAccept=0, user=null, qTags=null, qCategory=null, qAnswer=null], Question [questionId=10099, questionTiltle=�����������룬��ȡ�������ݡ�14, publishedUid=10001, addTime=2017-06-08 15:17:42.0, updateTime=2017-06-08 15:17:42.0, anwerCount=0, viewCount=0, categoryId=1, questionContent=��ҳ����223���ܶ����ó���̫��Ŀ���, isStick=0, isJing=0, isAccept=0, user=null, qTags=null, qCategory=null, qAnswer=null], Question [questionId=10100, questionTiltle=�����������룬��ȡ�������ݡ�15, publishedUid=10001, addTime=2017-06-08 15:17:42.0, updateTime=2017-06-08 15:17:42.0, anwerCount=0, viewCount=0, categoryId=1, questionContent=��ҳ����223���ܶ����ó���̫��Ŀ���, isStick=0, isJing=0, isAccept=0, user=null, qTags=null, qCategory=null, qAnswer=null], Question [questionId=10101, questionTiltle=�����������룬��ȡ�������ݡ�16, publishedUid=10001, addTime=2017-06-08 15:17:42.0, updateTime=2017-06-08 15:17:42.0, anwerCount=0, viewCount=0, categoryId=1, questionContent=��ҳ����223���ܶ����ó���̫��Ŀ���, isStick=0, isJing=0, isAccept=0, user=null, qTags=null, qCategory=null, qAnswer=null], Question [questionId=10102, questionTiltle=�����������룬��ȡ�������ݡ�17, publishedUid=10001, addTime=2017-06-08 15:17:42.0, updateTime=2017-06-08 15:17:42.0, anwerCount=0, viewCount=0, categoryId=1, questionContent=��ҳ����223���ܶ����ó���̫��Ŀ���, isStick=0, isJing=0, isAccept=0, user=null, qTags=null, qCategory=null, qAnswer=null], Question [questionId=10103, questionTiltle=�����������룬��ȡ�������ݡ�18, publishedUid=10001, addTime=2017-06-08 15:17:42.0, updateTime=2017-06-08 15:17:42.0, anwerCount=0, viewCount=0, categoryId=1, questionContent=��ҳ����223���ܶ����ó���̫��Ŀ���, isStick=0, isJing=0, isAccept=0, user=null, qTags=null, qCategory=null, qAnswer=null], Question [questionId=10104, questionTiltle=�����������룬��ȡ�������ݡ�19, publishedUid=10001, addTime=2017-06-08 15:17:42.0, updateTime=2017-06-08 15:17:42.0, anwerCount=0, viewCount=0, categoryId=1, questionContent=��ҳ����223���ܶ����ó���̫��Ŀ���, isStick=0, isJing=0, isAccept=0, user=null, qTags=null, qCategory=null, qAnswer=null], Question [questionId=10105, questionTiltle=�����������룬��ȡ�������ݡ�1, publishedUid=10001, addTime=2017-06-08 21:55:38.0, updateTime=2017-06-08 21:55:38.0, anwerCount=0, viewCount=0, categoryId=1, questionContent=��ҳ����223���ܶ����ó���̫��Ŀ���, isStick=0, isJing=0, isAccept=0, user=null, qTags=null, qCategory=null, qAnswer=null], Question [questionId=10106, questionTiltle=�����������룬��ȡ�������ݡ�2, publishedUid=10001, addTime=2017-06-08 21:55:38.0, updateTime=2017-06-08 21:55:38.0, anwerCount=0, viewCount=0, categoryId=1, questionContent=��ҳ����223���ܶ����ó���̫��Ŀ���, isStick=0, isJing=0, isAccept=0, user=null, qTags=null, qCategory=null, qAnswer=null], Question [questionId=10107, questionTiltle=�����������룬��ȡ�������ݡ�3, publishedUid=10001, addTime=2017-06-08 21:55:38.0, updateTime=2017-06-08 21:55:38.0, anwerCount=0, viewCount=0, categoryId=1, questionContent=��ҳ����223���ܶ����ó���̫��Ŀ���, isStick=0, isJing=0, isAccept=0, user=null, qTags=null, qCategory=null, qAnswer=null], Question [questionId=10108, questionTiltle=�����������룬��ȡ�������ݡ�4, publishedUid=10001, addTime=2017-06-08 21:55:38.0, updateTime=2017-06-08 21:55:38.0, anwerCount=0, viewCount=0, categoryId=1, questionContent=��ҳ����223���ܶ����ó���̫��Ŀ���, isStick=0, isJing=0, isAccept=0, user=null, qTags=null, qCategory=null, qAnswer=null], Question [questionId=10109, questionTiltle=�����������룬��ȡ�������ݡ�5, publishedUid=10001, addTime=2017-06-08 21:55:38.0, updateTime=2017-06-08 21:55:38.0, anwerCount=0, viewCount=0, categoryId=1, questionContent=��ҳ����223���ܶ����ó���̫��Ŀ���, isStick=0, isJing=0, isAccept=0, user=null, qTags=null, qCategory=null, qAnswer=null], Question [questionId=10110, questionTiltle=�����������룬��ȡ�������ݡ�6, publishedUid=10001, addTime=2017-06-08 21:55:38.0, updateTime=2017-06-08 21:55:38.0, anwerCount=0, viewCount=0, categoryId=1, questionContent=��ҳ����223���ܶ����ó���̫��Ŀ���, isStick=0, isJing=0, isAccept=0, user=null, qTags=null, qCategory=null, qAnswer=null], Question [questionId=10111, questionTiltle=�����������룬��ȡ�������ݡ�7, publishedUid=10001, addTime=2017-06-08 21:55:38.0, updateTime=2017-06-08 21:55:38.0, anwerCount=0, viewCount=0, categoryId=1, questionContent=��ҳ����223���ܶ����ó���̫��Ŀ���, isStick=0, isJing=0, isAccept=0, user=null, qTags=null, qCategory=null, qAnswer=null], Question [questionId=10112, questionTiltle=�����������룬��ȡ�������ݡ�8, publishedUid=10001, addTime=2017-06-08 21:55:38.0, updateTime=2017-06-08 21:55:38.0, anwerCount=0, viewCount=0, categoryId=1, questionContent=��ҳ����223���ܶ����ó���̫��Ŀ���, isStick=0, isJing=0, isAccept=0, user=null, qTags=null, qCategory=null, qAnswer=null], Question [questionId=10113, questionTiltle=�����������룬��ȡ�������ݡ�9, publishedUid=10001, addTime=2017-06-08 21:55:38.0, updateTime=2017-06-08 21:55:38.0, anwerCount=0, viewCount=0, categoryId=1, questionContent=��ҳ����223���ܶ����ó���̫��Ŀ���, isStick=0, isJing=0, isAccept=0, user=null, qTags=null, qCategory=null, qAnswer=null], Question [questionId=10114, questionTiltle=�����������룬��ȡ�������ݡ�10, publishedUid=10001, addTime=2017-06-08 21:55:38.0, updateTime=2017-06-08 21:55:38.0, anwerCount=0, viewCount=0, categoryId=1, questionContent=��ҳ����223���ܶ����ó���̫��Ŀ���, isStick=0, isJing=0, isAccept=0, user=null, qTags=null, qCategory=null, qAnswer=null], Question [questionId=10115, questionTiltle=�����������룬��ȡ�������ݡ�11, publishedUid=10001, addTime=2017-06-08 21:55:39.0, updateTime=2017-06-08 21:55:39.0, anwerCount=0, viewCount=0, categoryId=1, questionContent=��ҳ����223���ܶ����ó���̫��Ŀ���, isStick=0, isJing=0, isAccept=0, user=null, qTags=null, qCategory=null, qAnswer=null], Question [questionId=10116, questionTiltle=�����������룬��ȡ�������ݡ�12, publishedUid=10001, addTime=2017-06-08 21:55:39.0, updateTime=2017-06-08 21:55:39.0, anwerCount=0, viewCount=0, categoryId=1, questionContent=��ҳ����223���ܶ����ó���̫��Ŀ���, isStick=0, isJing=0, isAccept=0, user=null, qTags=null, qCategory=null, qAnswer=null], Question [questionId=10117, questionTiltle=�����������룬��ȡ�������ݡ�13, publishedUid=10001, addTime=2017-06-08 21:55:39.0, updateTime=2017-06-08 21:55:39.0, anwerCount=0, viewCount=0, categoryId=1, questionContent=��ҳ����223���ܶ����ó���̫��Ŀ���, isStick=0, isJing=0, isAccept=0, user=null, qTags=null, qCategory=null, qAnswer=null], Question [questionId=10118, questionTiltle=�����������룬��ȡ�������ݡ�14, publishedUid=10001, addTime=2017-06-08 21:55:39.0, updateTime=2017-06-08 21:55:39.0, anwerCount=0, viewCount=0, categoryId=1, questionContent=��ҳ����223���ܶ����ó���̫��Ŀ���, isStick=0, isJing=0, isAccept=0, user=null, qTags=null, qCategory=null, qAnswer=null], Question [questionId=10119, questionTiltle=�����������룬��ȡ�������ݡ�15, publishedUid=10001, addTime=2017-06-08 21:55:39.0, updateTime=2017-06-08 21:55:39.0, anwerCount=0, viewCount=0, categoryId=1, questionContent=��ҳ����223���ܶ����ó���̫��Ŀ���, isStick=0, isJing=0, isAccept=0, user=null, qTags=null, qCategory=null, qAnswer=null], Question [questionId=10120, questionTiltle=�����������룬��ȡ�������ݡ�16, publishedUid=10001, addTime=2017-06-08 21:55:39.0, updateTime=2017-06-08 21:55:39.0, anwerCount=0, viewCount=0, categoryId=1, questionContent=��ҳ����223���ܶ����ó���̫��Ŀ���, isStick=0, isJing=0, isAccept=0, user=null, qTags=null, qCategory=null, qAnswer=null], Question [questionId=10121, questionTiltle=�����������룬��ȡ�������ݡ�17, publishedUid=10001, addTime=2017-06-08 21:55:39.0, updateTime=2017-06-08 21:55:39.0, anwerCount=0, viewCount=0, categoryId=1, questionContent=��ҳ����223���ܶ����ó���̫��Ŀ���, isStick=0, isJing=0, isAccept=0, user=null, qTags=null, qCategory=null, qAnswer=null], Question [questionId=10122, questionTiltle=�����������룬��ȡ�������ݡ�18, publishedUid=10001, addTime=2017-06-08 21:55:39.0, updateTime=2017-06-08 21:55:39.0, anwerCount=0, viewCount=0, categoryId=1, questionContent=��ҳ����223���ܶ����ó���̫��Ŀ���, isStick=0, isJing=0, isAccept=0, user=null, qTags=null, qCategory=null, qAnswer=null], Question [questionId=10123, questionTiltle=�����������룬��ȡ�������ݡ�19, publishedUid=10001, addTime=2017-06-08 21:55:39.0, updateTime=2017-06-08 21:55:39.0, anwerCount=0, viewCount=0, categoryId=1, questionContent=��ҳ����223���ܶ����ó���̫��Ŀ���, isStick=0, isJing=0, isAccept=0, user=null, qTags=null, qCategory=null, qAnswer=null]], a4user=[Answer [answerId=2, qustionId=10001, answerContent=Layui 3.0 ʲôʱ�������, addTime=2017-06-05 00:00:00.0, agreeCount=0, uid=10001, commentCount=null, huifuUid=null, isAccept=null, sendUser=null, formuser=null, a4q=null, qtitle=hello layui, count=null], Answer [answerId=4, qustionId=10002, answerContent=¥������, addTime=2017-06-05 15:30:36.0, agreeCount=0, uid=10001, commentCount=null, huifuUid=null, isAccept=null, sendUser=null, formuser=null, a4q=null, qtitle=����һ�����Ա���1, count=null]]]
[DEBUG] 2017-06-08 21:55:39,361 method:org.springframework.test.context.support.DirtiesContextTestExecutionListener.afterTestMethod(DirtiesContextTestExecutionListener.java:86)
After test method: context [DefaultTestContext@edf4f36 testClass = UserDaoTest, testInstance = me.ilvc.wenda.dao.UserDaoTest@29d334c, testMethod = testGetById@UserDaoTest, testException = org.apache.ibatis.binding.BindingException: Invalid bound statement (not found): me.ilvc.wenda.dao.UserDao.selectByPrimaryKey, mergedContextConfiguration = [MergedContextConfiguration@100f9bbe testClass = UserDaoTest, locations = &apos;{classpath:spring-context.xml, classpath:spring-mvc.xml}&apos;, classes = &apos;{}&apos;, contextInitializerClasses = &apos;[]&apos;, activeProfiles = &apos;{}&apos;, propertySourceLocations = &apos;{}&apos;, propertySourceProperties = &apos;{}&apos;, contextLoader = &apos;org.springframework.test.context.support.DelegatingSmartContextLoader&apos;, parent = [null]]], class dirties context [false], class mode [null], method dirties context [false].
</system-out>
  </testcase>
  <testcase classname="me.ilvc.wenda.dao.UserDaoTest" name="testFindUser" time="0.026"/>
</testsuite>